<?xml version="1.0" encoding="UTF-8"?>
<!-- Generated by org.testng.reporters.JUnitXMLReporter -->
<testsuite ignored="0" hostname="DESKTOP-75SCK3T" failures="5" tests="19" name="Test" time="606.763" errors="0" timestamp="2021-06-13T22:01:52 IST">
  <testcase classname="com.project.testscripts.LoginTest" name="verifyLoginPageLoadedorNot" time="0.351"/>
  <testcase classname="com.project.testscripts.LoginTest" name="verifyLoginPageTitle" time="0.035"/>
  <testcase classname="com.project.testscripts.LoginTest" name="verifyValidLogin" time="12.478"/>
  <testcase classname="com.project.testscripts.LogoutTest" name="verifySignout" time="10.461"/>
  <testcase classname="com.project.testscripts.LogoutTest" name="verifyprofile" time="8.384"/>
  <testcase classname="com.project.testscripts.HomeTest" name="verifyHomePageTitle" time="7.57"/>
  <testcase classname="com.project.testscripts.HomeTest" name="verifyHomepageloaded" time="7.565"/>
  <testcase classname="com.project.testscripts.ResetPasswordTest" name="verifyForgotPasswordError" time="4.293"/>
  <testcase classname="com.project.testscripts.ResetPasswordTest" name="verifyResetPageLoadedorNot" time="2.169"/>
  <testcase classname="com.project.testscripts.UserManagementTest" name="VerifyUserManagementSubMenus" time="20.377"/>
  <testcase classname="com.project.testscripts.UserManagementTest" name="verifyUsersTabloaded" time="16.946"/>
  <testcase classname="com.project.testscripts.UserManagementTest" name="verifyusermanagementloaded" time="28.471">
    <failure type="org.openqa.selenium.TimeoutException" message="Expected condition failed: waiting for visibility of Proxy element for: DefaultElementLocator &amp;apos;By.xpath: //li[contains(@class,&amp;apos;treeview active&amp;apos;)]&amp;apos; (tried for 15 second(s) with 500 milliseconds interval)">
      <![CDATA[org.openqa.selenium.TimeoutException: Expected condition failed: waiting for visibility of Proxy element for: DefaultElementLocator 'By.xpath: //li[contains(@class,'treeview active')]' (tried for 15 second(s) with 500 milliseconds interval)
at org.openqa.selenium.support.ui.WebDriverWait.timeoutException(WebDriverWait.java:95)
at org.openqa.selenium.support.ui.FluentWait.until(FluentWait.java:272)
at com.project.utiities.PageUtility.waitForElementTobeVisible(PageUtility.java:23)
at com.project.pages.UserManagementPage.getUserManagementStatus(UserManagementPage.java:69)
at com.project.testscripts.UserManagementTest.verifyusermanagementloaded(UserManagementTest.java:36)
at java.base/java.util.ArrayList.forEach(ArrayList.java:1510)
Caused by: org.openqa.selenium.NoSuchElementException: Unable to locate element: //li[contains(@class,'treeview active')]
For documentation on this error, please visit: https://www.seleniumhq.org/exceptions/no_such_element.html
Build info: version: '3.141.59', revision: 'e82be7d358', time: '2018-11-14T08:17:03'
System info: host: 'DESKTOP-75SCK3T', ip: '192.168.1.7', os.name: 'Windows 10', os.arch: 'amd64', os.version: '10.0', java.version: '14.0.1'
Driver info: org.openqa.selenium.firefox.FirefoxDriver
Capabilities {acceptInsecureCerts: true, browserName: firefox, browserVersion: 89.0, javascriptEnabled: true, moz:accessibilityChecks: false, moz:buildID: 20210527174632, moz:geckodriverVersion: 0.29.1, moz:headless: false, moz:processID: 2876, moz:profile: C:\Users\TEMP.DESKTOP-75SCK..., moz:shutdownTimeout: 60000, moz:useNonSpecCompliantPointerOrigin: false, moz:webdriverClick: true, pageLoadStrategy: normal, platform: WINDOWS, platformName: WINDOWS, platformVersion: 10.0, setWindowRect: true, strictFileInteractability: false, timeouts: {implicit: 0, pageLoad: 300000, script: 30000}, unhandledPromptBehavior: dismiss and notify}
Session ID: 515191de-0b30-4e7e-8488-cda4e83ff3be
*** Element info: {Using=xpath, value=//li[contains(@class,'treeview active')]}
at org.openqa.selenium.remote.http.W3CHttpResponseCodec.createException(W3CHttpResponseCodec.java:187)
at org.openqa.selenium.remote.http.W3CHttpResponseCodec.decode(W3CHttpResponseCodec.java:122)
at org.openqa.selenium.remote.http.W3CHttpResponseCodec.decode(W3CHttpResponseCodec.java:49)
at org.openqa.selenium.remote.HttpCommandExecutor.execute(HttpCommandExecutor.java:158)
at org.openqa.selenium.remote.service.DriverCommandExecutor.execute(DriverCommandExecutor.java:83)
at org.openqa.selenium.remote.RemoteWebDriver.execute(RemoteWebDriver.java:552)
at org.openqa.selenium.remote.RemoteWebDriver.findElement(RemoteWebDriver.java:323)
at org.openqa.selenium.remote.RemoteWebDriver.findElementByXPath(RemoteWebDriver.java:428)
at org.openqa.selenium.By$ByXPath.findElement(By.java:353)
at org.openqa.selenium.remote.RemoteWebDriver.findElement(RemoteWebDriver.java:315)
at org.openqa.selenium.support.pagefactory.DefaultElementLocator.findElement(DefaultElementLocator.java:69)
at org.openqa.selenium.support.pagefactory.internal.LocatingElementHandler.invoke(LocatingElementHandler.java:38)
at com.sun.proxy.$Proxy13.isDisplayed(Unknown Source)
at org.openqa.selenium.support.ui.ExpectedConditions.elementIfVisible(ExpectedConditions.java:314)
at org.openqa.selenium.support.ui.ExpectedConditions.access$000(ExpectedConditions.java:43)
at org.openqa.selenium.support.ui.ExpectedConditions$10.apply(ExpectedConditions.java:300)
at org.openqa.selenium.support.ui.ExpectedConditions$10.apply(ExpectedConditions.java:297)
at org.openqa.selenium.support.ui.FluentWait.until(FluentWait.java:249)
... 31 more
... Removed 31 stack frames]]>
    </failure>
  </testcase> <!-- verifyusermanagementloaded -->
  <testcase classname="com.project.testscripts.UsersTest" name="AddList" time="19.963"/>
  <testcase classname="com.project.testscripts.UsersTest" name="verifyTableRow" time="16.422">
    <failure type="org.openqa.selenium.NoSuchSessionException" message="Tried to run command without establishing a connection
Build info: version: &amp;apos;3.141.59&amp;apos;, revision: &amp;apos;e82be7d358&amp;apos;, time: &amp;apos;2018-11-14T08:17:03&amp;apos;
System info: host: &amp;apos;DESKTOP-75SCK3T&amp;apos;, ip: &amp;apos;192.168.1.7&amp;apos;, os.name: &amp;apos;Windows 10&amp;apos;, os.arch: &amp;apos;amd64&amp;apos;, os.version: &amp;apos;10.0&amp;apos;, java.version: &amp;apos;14.0.1&amp;apos;
Driver info: org.openqa.selenium.firefox.FirefoxDriver
Capabilities {acceptInsecureCerts: true, browserName: firefox, browserVersion: 89.0, javascriptEnabled: true, moz:accessibilityChecks: false, moz:buildID: 20210527174632, moz:geckodriverVersion: 0.29.1, moz:headless: false, moz:processID: 8028, moz:profile: C:\Users\TEMP.DESKTOP-75SCK..., moz:shutdownTimeout: 60000, moz:useNonSpecCompliantPointerOrigin: false, moz:webdriverClick: true, pageLoadStrategy: normal, platform: WINDOWS, platformName: WINDOWS, platformVersion: 10.0, setWindowRect: true, strictFileInteractability: false, timeouts: {implicit: 0, pageLoad: 300000, script: 30000}, unhandledPromptBehavior: dismiss and notify}
Session ID: 0d520c9d-85f1-4640-8c04-b6c45bd7d943
*** Element info: {Using=xpath, value=//table[@id=&amp;apos;users_table&amp;apos;]//tbody//td}">
      <![CDATA[org.openqa.selenium.NoSuchSessionException: Tried to run command without establishing a connection
Build info: version: '3.141.59', revision: 'e82be7d358', time: '2018-11-14T08:17:03'
System info: host: 'DESKTOP-75SCK3T', ip: '192.168.1.7', os.name: 'Windows 10', os.arch: 'amd64', os.version: '10.0', java.version: '14.0.1'
Driver info: org.openqa.selenium.firefox.FirefoxDriver
Capabilities {acceptInsecureCerts: true, browserName: firefox, browserVersion: 89.0, javascriptEnabled: true, moz:accessibilityChecks: false, moz:buildID: 20210527174632, moz:geckodriverVersion: 0.29.1, moz:headless: false, moz:processID: 8028, moz:profile: C:\Users\TEMP.DESKTOP-75SCK..., moz:shutdownTimeout: 60000, moz:useNonSpecCompliantPointerOrigin: false, moz:webdriverClick: true, pageLoadStrategy: normal, platform: WINDOWS, platformName: WINDOWS, platformVersion: 10.0, setWindowRect: true, strictFileInteractability: false, timeouts: {implicit: 0, pageLoad: 300000, script: 30000}, unhandledPromptBehavior: dismiss and notify}
Session ID: 0d520c9d-85f1-4640-8c04-b6c45bd7d943
*** Element info: {Using=xpath, value=//table[@id='users_table']//tbody//td}
at org.openqa.selenium.remote.http.W3CHttpResponseCodec.createException(W3CHttpResponseCodec.java:187)
at org.openqa.selenium.remote.http.W3CHttpResponseCodec.decode(W3CHttpResponseCodec.java:122)
at org.openqa.selenium.remote.http.W3CHttpResponseCodec.decode(W3CHttpResponseCodec.java:49)
at org.openqa.selenium.remote.HttpCommandExecutor.execute(HttpCommandExecutor.java:158)
at org.openqa.selenium.remote.service.DriverCommandExecutor.execute(DriverCommandExecutor.java:83)
at org.openqa.selenium.remote.RemoteWebDriver.execute(RemoteWebDriver.java:552)
at org.openqa.selenium.remote.RemoteWebDriver.findElements(RemoteWebDriver.java:353)
at org.openqa.selenium.remote.RemoteWebDriver.findElementsByXPath(RemoteWebDriver.java:432)
at org.openqa.selenium.By$ByXPath.findElements(By.java:348)
at org.openqa.selenium.support.pagefactory.ByChained.findElements(ByChained.java:69)
at org.openqa.selenium.remote.RemoteWebDriver.findElements(RemoteWebDriver.java:311)
at org.openqa.selenium.support.pagefactory.DefaultElementLocator.findElements(DefaultElementLocator.java:85)
at org.openqa.selenium.support.pagefactory.internal.LocatingElementListHandler.invoke(LocatingElementListHandler.java:36)
at com.sun.proxy.$Proxy15.size(Unknown Source)
at com.project.pages.UsersPage.verifyTable(UsersPage.java:128)
at com.project.testscripts.UsersTest.verifyTableRow(UsersTest.java:82)
at java.base/java.util.ArrayList.forEach(ArrayList.java:1510)
... Removed 32 stack frames]]>
    </failure>
  </testcase> <!-- verifyTableRow -->
  <testcase classname="com.project.testscripts.UsersTest" name="verifyViewUserPageTitle" time="19.317">
    <failure type="java.lang.AssertionError" message="Userview page title mismatch expected [View User - Roebeen LLC] but found [View User - Reobeen LLC]">
      <![CDATA[java.lang.AssertionError: Userview page title mismatch expected [View User - Roebeen LLC] but found [View User - Reobeen LLC]
at com.project.testscripts.UsersTest.verifyViewUserPageTitle(UsersTest.java:109)
at java.base/java.util.ArrayList.forEach(ArrayList.java:1510)
... Removed 32 stack frames]]>
    </failure>
  </testcase> <!-- verifyViewUserPageTitle -->
  <testcase classname="com.project.testscripts.UsersTest" name="verifyusersTitle" time="16.537">
    <failure type="java.lang.AssertionError" message="Title Mismatch expected [Users - Demo Company] but found [Users - Reobeen LLC]">
      <![CDATA[java.lang.AssertionError: Title Mismatch expected [Users - Demo Company] but found [Users - Reobeen LLC]
at com.project.testscripts.UsersTest.verifyusersTitle(UsersTest.java:41)
at java.base/java.util.ArrayList.forEach(ArrayList.java:1510)
... Removed 32 stack frames]]>
    </failure>
  </testcase> <!-- verifyusersTitle -->
  <testcase classname="com.project.testscripts.SalesCommissionAgentTest" name="addAgent" time="23.648"/>
  <testcase classname="com.project.testscripts.SalesCommissionAgentTest" name="verifySalesCommissionAgentTitle" time="16.628">
    <failure type="java.lang.AssertionError" message="Title Mismatch expected [Sales Commission Agents - Roebeen LLC] but found [Sales Commission Agents - Reobeen LLC]">
      <![CDATA[java.lang.AssertionError: Title Mismatch expected [Sales Commission Agents - Roebeen LLC] but found [Sales Commission Agents - Reobeen LLC]
at com.project.testscripts.SalesCommissionAgentTest.verifySalesCommissionAgentTitle(SalesCommissionAgentTest.java:39)
at java.base/java.util.ArrayList.forEach(ArrayList.java:1510)
... Removed 32 stack frames]]>
    </failure>
  </testcase> <!-- verifySalesCommissionAgentTitle -->
  <testcase classname="com.project.testscripts.SalesCommissionAgentTest" name="verifysearch" time="29.3"/>
</testsuite> <!-- Test -->
