<!DOCTYPE html PUBLIC "-//W3C//DTD XHTML 1.1//EN" "https://www.w3.org/TR/xhtml11/DTD/xhtml11.dtd">
<html xmlns="https://www.w3.org/1999/xhtml">
<head>
<meta http-equiv="content-type" content="text/html; charset=UTF-8"/>
<title>TestNG Report</title>
<style type="text/css">table {margin-bottom:10px;border-collapse:collapse;empty-cells:show}th,td {border:1px solid #009;padding:.25em .5em}th {vertical-align:bottom}td {vertical-align:top}table a {font-weight:bold}.stripe td {background-color: #E6EBF9}.num {text-align:right}.passedodd td {background-color: #3F3}.passedeven td {background-color: #0A0}.skippedodd td {background-color: #DDD}.skippedeven td {background-color: #CCC}.failedodd td,.attn {background-color: #F33}.failedeven td,.stripe .attn {background-color: #D00}.stacktrace {white-space:pre;font-family:monospace}.totop {font-size:85%;text-align:center;border-bottom:2px solid #000}.invisible {display:none}</style>
</head>
<body>
<table>
<tr><th>Test</th><th># Passed</th><th># Skipped</th><th># Retried</th><th># Failed</th><th>Time (ms)</th><th>Included Groups</th><th>Excluded Groups</th></tr>
<tr><th colspan="8">Suite</th></tr>
<tr><td><a href="#t0">Test</a></td><td class="num">14</td><td class="num">0</td><td class="num">0</td><td class="num attn">5</td><td class="num">606,763</td><td></td><td></td></tr>
</table>
<table id='summary'><thead><tr><th>Class</th><th>Method</th><th>Start</th><th>Time (ms)</th></tr></thead><tbody><tr><th colspan="4">Suite</th></tr></tbody><tbody id="t0"><tr><th colspan="4">Test &#8212; failed</th></tr><tr class="failedeven"><td rowspan="1">com.project.testscripts.SalesCommissionAgentTest</td><td><a href="#m0">verifySalesCommissionAgentTitle</a></td><td rowspan="1">1623601841470</td><td rowspan="1">16628</td></tr><tr class="failedodd"><td rowspan="1">com.project.testscripts.UserManagementTest</td><td><a href="#m1">verifyusermanagementloaded</a></td><td rowspan="1">1623601601117</td><td rowspan="1">28471</td></tr><tr class="failedeven"><td rowspan="3">com.project.testscripts.UsersTest</td><td><a href="#m2">verifyTableRow</a></td><td rowspan="1">1623601684225</td><td rowspan="1">16422</td></tr><tr class="failedeven"><td><a href="#m3">verifyViewUserPageTitle</a></td><td rowspan="1">1623601718719</td><td rowspan="1">19317</td></tr><tr class="failedeven"><td><a href="#m4">verifyusersTitle</a></td><td rowspan="1">1623601761952</td><td rowspan="1">16537</td></tr><tr><th colspan="4">Test &#8212; passed</th></tr><tr class="passedeven"><td rowspan="2">com.project.testscripts.HomeTest</td><td><a href="#m5">verifyHomePageTitle</a></td><td rowspan="1">1623601440869</td><td rowspan="1">7570</td></tr><tr class="passedeven"><td><a href="#m6">verifyHomepageloaded</a></td><td rowspan="1">1623601465481</td><td rowspan="1">7565</td></tr><tr class="passedodd"><td rowspan="3">com.project.testscripts.LoginTest</td><td><a href="#m7">verifyLoginPageLoadedorNot</a></td><td rowspan="1">1623601322308</td><td rowspan="1">351</td></tr><tr class="passedodd"><td><a href="#m8">verifyLoginPageTitle</a></td><td rowspan="1">1623601341457</td><td rowspan="1">35</td></tr><tr class="passedodd"><td><a href="#m9">verifyValidLogin</a></td><td rowspan="1">1623601359407</td><td rowspan="1">12478</td></tr><tr class="passedeven"><td rowspan="2">com.project.testscripts.LogoutTest</td><td><a href="#m10">verifySignout</a></td><td rowspan="1">1623601387853</td><td rowspan="1">10461</td></tr><tr class="passedeven"><td><a href="#m11">verifyprofile</a></td><td rowspan="1">1623601415718</td><td rowspan="1">8384</td></tr><tr class="passedodd"><td rowspan="2">com.project.testscripts.ResetPasswordTest</td><td><a href="#m12">verifyForgotPasswordError</a></td><td rowspan="1">1623601488565</td><td rowspan="1">4293</td></tr><tr class="passedodd"><td><a href="#m13">verifyResetPageLoadedorNot</a></td><td rowspan="1">1623601509567</td><td rowspan="1">2169</td></tr><tr class="passedeven"><td rowspan="2">com.project.testscripts.SalesCommissionAgentTest</td><td><a href="#m14">addAgent</a></td><td rowspan="1">1623601800885</td><td rowspan="1">23648</td></tr><tr class="passedeven"><td><a href="#m15">verifysearch</a></td><td rowspan="1">1623601880121</td><td rowspan="1">29300</td></tr><tr class="passedodd"><td rowspan="2">com.project.testscripts.UserManagementTest</td><td><a href="#m16">VerifyUserManagementSubMenus</a></td><td rowspan="1">1623601529994</td><td rowspan="1">20377</td></tr><tr class="passedodd"><td><a href="#m17">verifyUsersTabloaded</a></td><td rowspan="1">1623601567250</td><td rowspan="1">16946</td></tr><tr class="passedeven"><td rowspan="1">com.project.testscripts.UsersTest</td><td><a href="#m18">AddList</a></td><td rowspan="1">1623601646366</td><td rowspan="1">19963</td></tr></tbody>
</table>
<h2>Test</h2><h3 id="m0">com.project.testscripts.SalesCommissionAgentTest#verifySalesCommissionAgentTitle</h3><table class="result"><tr><th>Exception</th></tr><tr><td><div class="stacktrace">java.lang.AssertionError: Title Mismatch expected [Sales Commission Agents - Roebeen LLC] but found [Sales Commission Agents - Reobeen LLC]
	at com.project.testscripts.SalesCommissionAgentTest.verifySalesCommissionAgentTitle(SalesCommissionAgentTest.java:39)
	at java.base/java.util.ArrayList.forEach(ArrayList.java:1510)
... Removed 32 stack frames</div></td></tr></table><p class="totop"><a href="#summary">back to summary</a></p>
<h3 id="m1">com.project.testscripts.UserManagementTest#verifyusermanagementloaded</h3><table class="result"><tr><th>Exception</th></tr><tr><td><div class="stacktrace">org.openqa.selenium.TimeoutException: Expected condition failed: waiting for visibility of Proxy element for: DefaultElementLocator &apos;By.xpath: //li[contains(@class,&apos;treeview active&apos;)]&apos; (tried for 15 second(s) with 500 milliseconds interval)
	at org.openqa.selenium.support.ui.WebDriverWait.timeoutException(WebDriverWait.java:95)
	at org.openqa.selenium.support.ui.FluentWait.until(FluentWait.java:272)
	at com.project.utiities.PageUtility.waitForElementTobeVisible(PageUtility.java:23)
	at com.project.pages.UserManagementPage.getUserManagementStatus(UserManagementPage.java:69)
	at com.project.testscripts.UserManagementTest.verifyusermanagementloaded(UserManagementTest.java:36)
	at java.base/java.util.ArrayList.forEach(ArrayList.java:1510)
Caused by: org.openqa.selenium.NoSuchElementException: Unable to locate element: //li[contains(@class,&apos;treeview active&apos;)]
For documentation on this error, please visit: https://www.seleniumhq.org/exceptions/no_such_element.html
Build info: version: &apos;3.141.59&apos;, revision: &apos;e82be7d358&apos;, time: &apos;2018-11-14T08:17:03&apos;
System info: host: &apos;DESKTOP-75SCK3T&apos;, ip: &apos;192.168.1.7&apos;, os.name: &apos;Windows 10&apos;, os.arch: &apos;amd64&apos;, os.version: &apos;10.0&apos;, java.version: &apos;14.0.1&apos;
Driver info: org.openqa.selenium.firefox.FirefoxDriver
Capabilities {acceptInsecureCerts: true, browserName: firefox, browserVersion: 89.0, javascriptEnabled: true, moz:accessibilityChecks: false, moz:buildID: 20210527174632, moz:geckodriverVersion: 0.29.1, moz:headless: false, moz:processID: 2876, moz:profile: C:\Users\TEMP.DESKTOP-75SCK..., moz:shutdownTimeout: 60000, moz:useNonSpecCompliantPointerOrigin: false, moz:webdriverClick: true, pageLoadStrategy: normal, platform: WINDOWS, platformName: WINDOWS, platformVersion: 10.0, setWindowRect: true, strictFileInteractability: false, timeouts: {implicit: 0, pageLoad: 300000, script: 30000}, unhandledPromptBehavior: dismiss and notify}
Session ID: 515191de-0b30-4e7e-8488-cda4e83ff3be
*** Element info: {Using=xpath, value=//li[contains(@class,&apos;treeview active&apos;)]}
	at org.openqa.selenium.remote.http.W3CHttpResponseCodec.createException(W3CHttpResponseCodec.java:187)
	at org.openqa.selenium.remote.http.W3CHttpResponseCodec.decode(W3CHttpResponseCodec.java:122)
	at org.openqa.selenium.remote.http.W3CHttpResponseCodec.decode(W3CHttpResponseCodec.java:49)
	at org.openqa.selenium.remote.HttpCommandExecutor.execute(HttpCommandExecutor.java:158)
	at org.openqa.selenium.remote.service.DriverCommandExecutor.execute(DriverCommandExecutor.java:83)
	at org.openqa.selenium.remote.RemoteWebDriver.execute(RemoteWebDriver.java:552)
	at org.openqa.selenium.remote.RemoteWebDriver.findElement(RemoteWebDriver.java:323)
	at org.openqa.selenium.remote.RemoteWebDriver.findElementByXPath(RemoteWebDriver.java:428)
	at org.openqa.selenium.By$ByXPath.findElement(By.java:353)
	at org.openqa.selenium.remote.RemoteWebDriver.findElement(RemoteWebDriver.java:315)
	at org.openqa.selenium.support.pagefactory.DefaultElementLocator.findElement(DefaultElementLocator.java:69)
	at org.openqa.selenium.support.pagefactory.internal.LocatingElementHandler.invoke(LocatingElementHandler.java:38)
	at com.sun.proxy.$Proxy13.isDisplayed(Unknown Source)
	at org.openqa.selenium.support.ui.ExpectedConditions.elementIfVisible(ExpectedConditions.java:314)
	at org.openqa.selenium.support.ui.ExpectedConditions.access$000(ExpectedConditions.java:43)
	at org.openqa.selenium.support.ui.ExpectedConditions$10.apply(ExpectedConditions.java:300)
	at org.openqa.selenium.support.ui.ExpectedConditions$10.apply(ExpectedConditions.java:297)
	at org.openqa.selenium.support.ui.FluentWait.until(FluentWait.java:249)
	... 31 more
... Removed 31 stack frames</div></td></tr></table><p class="totop"><a href="#summary">back to summary</a></p>
<h3 id="m2">com.project.testscripts.UsersTest#verifyTableRow</h3><table class="result"><tr><th>Exception</th></tr><tr><td><div class="stacktrace">org.openqa.selenium.NoSuchSessionException: Tried to run command without establishing a connection
Build info: version: &apos;3.141.59&apos;, revision: &apos;e82be7d358&apos;, time: &apos;2018-11-14T08:17:03&apos;
System info: host: &apos;DESKTOP-75SCK3T&apos;, ip: &apos;192.168.1.7&apos;, os.name: &apos;Windows 10&apos;, os.arch: &apos;amd64&apos;, os.version: &apos;10.0&apos;, java.version: &apos;14.0.1&apos;
Driver info: org.openqa.selenium.firefox.FirefoxDriver
Capabilities {acceptInsecureCerts: true, browserName: firefox, browserVersion: 89.0, javascriptEnabled: true, moz:accessibilityChecks: false, moz:buildID: 20210527174632, moz:geckodriverVersion: 0.29.1, moz:headless: false, moz:processID: 8028, moz:profile: C:\Users\TEMP.DESKTOP-75SCK..., moz:shutdownTimeout: 60000, moz:useNonSpecCompliantPointerOrigin: false, moz:webdriverClick: true, pageLoadStrategy: normal, platform: WINDOWS, platformName: WINDOWS, platformVersion: 10.0, setWindowRect: true, strictFileInteractability: false, timeouts: {implicit: 0, pageLoad: 300000, script: 30000}, unhandledPromptBehavior: dismiss and notify}
Session ID: 0d520c9d-85f1-4640-8c04-b6c45bd7d943
*** Element info: {Using=xpath, value=//table[@id=&apos;users_table&apos;]//tbody//td}
	at org.openqa.selenium.remote.http.W3CHttpResponseCodec.createException(W3CHttpResponseCodec.java:187)
	at org.openqa.selenium.remote.http.W3CHttpResponseCodec.decode(W3CHttpResponseCodec.java:122)
	at org.openqa.selenium.remote.http.W3CHttpResponseCodec.decode(W3CHttpResponseCodec.java:49)
	at org.openqa.selenium.remote.HttpCommandExecutor.execute(HttpCommandExecutor.java:158)
	at org.openqa.selenium.remote.service.DriverCommandExecutor.execute(DriverCommandExecutor.java:83)
	at org.openqa.selenium.remote.RemoteWebDriver.execute(RemoteWebDriver.java:552)
	at org.openqa.selenium.remote.RemoteWebDriver.findElements(RemoteWebDriver.java:353)
	at org.openqa.selenium.remote.RemoteWebDriver.findElementsByXPath(RemoteWebDriver.java:432)
	at org.openqa.selenium.By$ByXPath.findElements(By.java:348)
	at org.openqa.selenium.support.pagefactory.ByChained.findElements(ByChained.java:69)
	at org.openqa.selenium.remote.RemoteWebDriver.findElements(RemoteWebDriver.java:311)
	at org.openqa.selenium.support.pagefactory.DefaultElementLocator.findElements(DefaultElementLocator.java:85)
	at org.openqa.selenium.support.pagefactory.internal.LocatingElementListHandler.invoke(LocatingElementListHandler.java:36)
	at com.sun.proxy.$Proxy15.size(Unknown Source)
	at com.project.pages.UsersPage.verifyTable(UsersPage.java:128)
	at com.project.testscripts.UsersTest.verifyTableRow(UsersTest.java:82)
	at java.base/java.util.ArrayList.forEach(ArrayList.java:1510)
... Removed 32 stack frames</div></td></tr></table><p class="totop"><a href="#summary">back to summary</a></p>
<h3 id="m3">com.project.testscripts.UsersTest#verifyViewUserPageTitle</h3><table class="result"><tr><th>Exception</th></tr><tr><td><div class="stacktrace">java.lang.AssertionError: Userview page title mismatch expected [View User - Roebeen LLC] but found [View User - Reobeen LLC]
	at com.project.testscripts.UsersTest.verifyViewUserPageTitle(UsersTest.java:109)
	at java.base/java.util.ArrayList.forEach(ArrayList.java:1510)
... Removed 32 stack frames</div></td></tr></table><p class="totop"><a href="#summary">back to summary</a></p>
<h3 id="m4">com.project.testscripts.UsersTest#verifyusersTitle</h3><table class="result"><tr><th>Exception</th></tr><tr><td><div class="stacktrace">java.lang.AssertionError: Title Mismatch expected [Users - Demo Company] but found [Users - Reobeen LLC]
	at com.project.testscripts.UsersTest.verifyusersTitle(UsersTest.java:41)
	at java.base/java.util.ArrayList.forEach(ArrayList.java:1510)
... Removed 32 stack frames</div></td></tr></table><p class="totop"><a href="#summary">back to summary</a></p>
<h3 id="m5">com.project.testscripts.HomeTest#verifyHomePageTitle</h3><table class="result"><tr><th class="invisible"/></tr></table><p class="totop"><a href="#summary">back to summary</a></p>
<h3 id="m6">com.project.testscripts.HomeTest#verifyHomepageloaded</h3><table class="result"><tr><th class="invisible"/></tr></table><p class="totop"><a href="#summary">back to summary</a></p>
<h3 id="m7">com.project.testscripts.LoginTest#verifyLoginPageLoadedorNot</h3><table class="result"><tr><th class="invisible"/></tr></table><p class="totop"><a href="#summary">back to summary</a></p>
<h3 id="m8">com.project.testscripts.LoginTest#verifyLoginPageTitle</h3><table class="result"><tr><th class="invisible"/></tr></table><p class="totop"><a href="#summary">back to summary</a></p>
<h3 id="m9">com.project.testscripts.LoginTest#verifyValidLogin</h3><table class="result"><tr><th class="invisible"/></tr></table><p class="totop"><a href="#summary">back to summary</a></p>
<h3 id="m10">com.project.testscripts.LogoutTest#verifySignout</h3><table class="result"><tr><th class="invisible"/></tr></table><p class="totop"><a href="#summary">back to summary</a></p>
<h3 id="m11">com.project.testscripts.LogoutTest#verifyprofile</h3><table class="result"><tr><th class="invisible"/></tr></table><p class="totop"><a href="#summary">back to summary</a></p>
<h3 id="m12">com.project.testscripts.ResetPasswordTest#verifyForgotPasswordError</h3><table class="result"><tr><th class="invisible"/></tr></table><p class="totop"><a href="#summary">back to summary</a></p>
<h3 id="m13">com.project.testscripts.ResetPasswordTest#verifyResetPageLoadedorNot</h3><table class="result"><tr><th class="invisible"/></tr></table><p class="totop"><a href="#summary">back to summary</a></p>
<h3 id="m14">com.project.testscripts.SalesCommissionAgentTest#addAgent</h3><table class="result"><tr><th class="invisible"/></tr></table><p class="totop"><a href="#summary">back to summary</a></p>
<h3 id="m15">com.project.testscripts.SalesCommissionAgentTest#verifysearch</h3><table class="result"><tr><th class="invisible"/></tr></table><p class="totop"><a href="#summary">back to summary</a></p>
<h3 id="m16">com.project.testscripts.UserManagementTest#VerifyUserManagementSubMenus</h3><table class="result"><tr><th class="invisible"/></tr></table><p class="totop"><a href="#summary">back to summary</a></p>
<h3 id="m17">com.project.testscripts.UserManagementTest#verifyUsersTabloaded</h3><table class="result"><tr><th class="invisible"/></tr></table><p class="totop"><a href="#summary">back to summary</a></p>
<h3 id="m18">com.project.testscripts.UsersTest#AddList</h3><table class="result"><tr><th class="invisible"/></tr></table><p class="totop"><a href="#summary">back to summary</a></p>
</body>
</html>
