<!DOCTYPE html>

<html>
  <head>
  <meta charset='utf-8'>
  <title>TestNG reports</title>

    <link type="text/css" href="testng-reports1.css" rel="stylesheet" id="ultra" />
    <link type="text/css" href="testng-reports.css" rel="stylesheet" id="retro" disabled="false"/>
    <script type="text/javascript" src="jquery.min.js"></script>
    <script type="text/javascript" src="testng-reports.js"></script>
    <script type="text/javascript" src="https://www.google.com/jsapi"></script>
    <script type='text/javascript'>
      google.load('visualization', '1', {packages:['table']});
      google.setOnLoadCallback(drawTable);
      var suiteTableInitFunctions = new Array();
      var suiteTableData = new Array();
    </script>
    <!--
      <script type="text/javascript" src="jquery-ui/js/jquery-ui-1.8.16.custom.min.js"></script>
     -->
  </head>

  <body>
    <div class="top-banner-root">
      <span class="top-banner-title-font">Test results</span>
      <button class="button" id="button">Switch Retro Theme</button> <!-- button -->
      <br/>
      <span class="top-banner-font-1">1 suite, 8 failed tests</span>
    </div> <!-- top-banner-root -->
    <div class="navigator-root">
      <div class="navigator-suite-header">
        <span>All suites</span>
        <a href="#" class="collapse-all-link" title="Collapse/expand all the suites">
          <img class="collapse-all-icon" src="collapseall.gif">
          </img> <!-- collapse-all-icon -->
        </a> <!-- collapse-all-link -->
      </div> <!-- navigator-suite-header -->
      <div class="suite">
        <div class="rounded-window">
          <div class="suite-header light-rounded-window-top">
            <a href="#" class="navigator-link" panel-name="suite-Suite">
              <span class="suite-name border-failed">Suite</span>
            </a> <!-- navigator-link -->
          </div> <!-- suite-header light-rounded-window-top -->
          <div class="navigator-suite-content">
            <div class="suite-section-title">
              <span>Info</span>
            </div> <!-- suite-section-title -->
            <div class="suite-section-content">
              <ul>
                <li>
                  <a href="#" class="navigator-link " panel-name="test-xml-Suite">
                    <span>C:\Users\TEMP.DESKTOP-75SCK3T.003\eclipse-workspace\POMProject\testng.xml</span>
                  </a> <!-- navigator-link  -->
                </li>
                <li>
                  <a href="#" class="navigator-link " panel-name="testlist-Suite">
                    <span class="test-stats">1 test</span>
                  </a> <!-- navigator-link  -->
                </li>
                <li>
                  <a href="#" class="navigator-link " panel-name="group-Suite">
                    <span>0 groups</span>
                  </a> <!-- navigator-link  -->
                </li>
                <li>
                  <a href="#" class="navigator-link " panel-name="times-Suite">
                    <span>Times</span>
                  </a> <!-- navigator-link  -->
                </li>
                <li>
                  <a href="#" class="navigator-link " panel-name="reporter-Suite">
                    <span>Reporter output</span>
                  </a> <!-- navigator-link  -->
                </li>
                <li>
                  <a href="#" class="navigator-link " panel-name="ignored-methods-Suite">
                    <span>Ignored methods</span>
                  </a> <!-- navigator-link  -->
                </li>
                <li>
                  <a href="#" class="navigator-link " panel-name="chronological-Suite">
                    <span>Chronological view</span>
                  </a> <!-- navigator-link  -->
                </li>
              </ul>
            </div> <!-- suite-section-content -->
            <div class="result-section">
              <div class="suite-section-title">
                <span>Results</span>
              </div> <!-- suite-section-title -->
              <div class="suite-section-content">
                <ul>
                  <li>
                    <span class="method-stats">19 methods, 8 failed,   11 passed</span>
                  </li>
                  <li>
                    <span class="method-list-title failed">Failed methods</span>
                    <span class="show-or-hide-methods failed">
                      <a href="#" panel-name="suite-Suite" class="hide-methods failed suite-Suite"> (hide)</a> <!-- hide-methods failed suite-Suite -->
                      <a href="#" panel-name="suite-Suite" class="show-methods failed suite-Suite"> (show)</a> <!-- show-methods failed suite-Suite -->
                    </span>
                    <div class="method-list-content failed suite-Suite">
                      <span>
                        <img width="3%" src="failed.png"/>
                        <a href="#" class="method navigator-link" panel-name="suite-Suite" title="com.project.testscripts.HomeTest" hash-for-method="verifyHomePageTitle">verifyHomePageTitle</a> <!-- method navigator-link -->
                      </span>
                      <br/>
                      <span>
                        <img width="3%" src="failed.png"/>
                        <a href="#" class="method navigator-link" panel-name="suite-Suite" title="com.project.testscripts.SalesCommissionAgentTest" hash-for-method="verifySalesCommissionAgentTitle">verifySalesCommissionAgentTitle</a> <!-- method navigator-link -->
                      </span>
                      <br/>
                      <span>
                        <img width="3%" src="failed.png"/>
                        <a href="#" class="method navigator-link" panel-name="suite-Suite" title="com.project.testscripts.UsersTest" hash-for-method="verifyTableRow">verifyTableRow</a> <!-- method navigator-link -->
                      </span>
                      <br/>
                      <span>
                        <img width="3%" src="failed.png"/>
                        <a href="#" class="method navigator-link" panel-name="suite-Suite" title="com.project.testscripts.LoginTest" hash-for-method="verifyValidLogin">verifyValidLogin</a> <!-- method navigator-link -->
                      </span>
                      <br/>
                      <span>
                        <img width="3%" src="failed.png"/>
                        <a href="#" class="method navigator-link" panel-name="suite-Suite" title="com.project.testscripts.UsersTest" hash-for-method="verifyViewUserPageTitle">verifyViewUserPageTitle</a> <!-- method navigator-link -->
                      </span>
                      <br/>
                      <span>
                        <img width="3%" src="failed.png"/>
                        <a href="#" class="method navigator-link" panel-name="suite-Suite" title="com.project.testscripts.SalesCommissionAgentTest" hash-for-method="verifysearch">verifysearch</a> <!-- method navigator-link -->
                      </span>
                      <br/>
                      <span>
                        <img width="3%" src="failed.png"/>
                        <a href="#" class="method navigator-link" panel-name="suite-Suite" title="com.project.testscripts.UserManagementTest" hash-for-method="verifyusermanagementloaded">verifyusermanagementloaded</a> <!-- method navigator-link -->
                      </span>
                      <br/>
                      <span>
                        <img width="3%" src="failed.png"/>
                        <a href="#" class="method navigator-link" panel-name="suite-Suite" title="com.project.testscripts.UsersTest" hash-for-method="verifyusersTitle">verifyusersTitle</a> <!-- method navigator-link -->
                      </span>
                      <br/>
                    </div> <!-- method-list-content failed suite-Suite -->
                  </li>
                  <li>
                    <span class="method-list-title passed">Passed methods</span>
                    <span class="show-or-hide-methods passed">
                      <a href="#" panel-name="suite-Suite" class="hide-methods passed suite-Suite"> (hide)</a> <!-- hide-methods passed suite-Suite -->
                      <a href="#" panel-name="suite-Suite" class="show-methods passed suite-Suite"> (show)</a> <!-- show-methods passed suite-Suite -->
                    </span>
                    <div class="method-list-content passed suite-Suite">
                      <span>
                        <img width="3%" src="passed.png"/>
                        <a href="#" class="method navigator-link" panel-name="suite-Suite" title="com.project.testscripts.UsersTest" hash-for-method="AddList">AddList</a> <!-- method navigator-link -->
                      </span>
                      <br/>
                      <span>
                        <img width="3%" src="passed.png"/>
                        <a href="#" class="method navigator-link" panel-name="suite-Suite" title="com.project.testscripts.UserManagementTest" hash-for-method="VerifyUserManagementTab">VerifyUserManagementTab</a> <!-- method navigator-link -->
                      </span>
                      <br/>
                      <span>
                        <img width="3%" src="passed.png"/>
                        <a href="#" class="method navigator-link" panel-name="suite-Suite" title="com.project.testscripts.SalesCommissionAgentTest" hash-for-method="addAgent">addAgent</a> <!-- method navigator-link -->
                      </span>
                      <br/>
                      <span>
                        <img width="3%" src="passed.png"/>
                        <a href="#" class="method navigator-link" panel-name="suite-Suite" title="com.project.testscripts.ResetPasswordTest" hash-for-method="verifyForgotPasswordError">verifyForgotPasswordError</a> <!-- method navigator-link -->
                      </span>
                      <br/>
                      <span>
                        <img width="3%" src="passed.png"/>
                        <a href="#" class="method navigator-link" panel-name="suite-Suite" title="com.project.testscripts.HomeTest" hash-for-method="verifyHomepageloaded">verifyHomepageloaded</a> <!-- method navigator-link -->
                      </span>
                      <br/>
                      <span>
                        <img width="3%" src="passed.png"/>
                        <a href="#" class="method navigator-link" panel-name="suite-Suite" title="com.project.testscripts.LoginTest" hash-for-method="verifyLoginPageLoadedorNot">verifyLoginPageLoadedorNot</a> <!-- method navigator-link -->
                      </span>
                      <br/>
                      <span>
                        <img width="3%" src="passed.png"/>
                        <a href="#" class="method navigator-link" panel-name="suite-Suite" title="com.project.testscripts.LoginTest" hash-for-method="verifyLoginPageTitle">verifyLoginPageTitle</a> <!-- method navigator-link -->
                      </span>
                      <br/>
                      <span>
                        <img width="3%" src="passed.png"/>
                        <a href="#" class="method navigator-link" panel-name="suite-Suite" title="com.project.testscripts.ResetPasswordTest" hash-for-method="verifyResetPageLoadedorNot">verifyResetPageLoadedorNot</a> <!-- method navigator-link -->
                      </span>
                      <br/>
                      <span>
                        <img width="3%" src="passed.png"/>
                        <a href="#" class="method navigator-link" panel-name="suite-Suite" title="com.project.testscripts.LogoutTest" hash-for-method="verifySignout">verifySignout</a> <!-- method navigator-link -->
                      </span>
                      <br/>
                      <span>
                        <img width="3%" src="passed.png"/>
                        <a href="#" class="method navigator-link" panel-name="suite-Suite" title="com.project.testscripts.UserManagementTest" hash-for-method="verifyUsersTabloaded">verifyUsersTabloaded</a> <!-- method navigator-link -->
                      </span>
                      <br/>
                      <span>
                        <img width="3%" src="passed.png"/>
                        <a href="#" class="method navigator-link" panel-name="suite-Suite" title="com.project.testscripts.LogoutTest" hash-for-method="verifyprofile">verifyprofile</a> <!-- method navigator-link -->
                      </span>
                      <br/>
                    </div> <!-- method-list-content passed suite-Suite -->
                  </li>
                </ul>
              </div> <!-- suite-section-content -->
            </div> <!-- result-section -->
          </div> <!-- navigator-suite-content -->
        </div> <!-- rounded-window -->
      </div> <!-- suite -->
    </div> <!-- navigator-root -->
    <div class="wrapper">
      <div class="main-panel-root">
        <div panel-name="suite-Suite" class="panel Suite">
          <div class="suite-Suite-class-failed">
            <div class="main-panel-header rounded-window-top">
              <img src="failed.png"/>
              <span class="class-name">com.project.testscripts.UserManagementTest</span>
            </div> <!-- main-panel-header rounded-window-top -->
            <div class="main-panel-content rounded-window-bottom">
              <div class="method">
                <div class="method-content">
                  <a name="verifyusermanagementloaded">
                  </a> <!-- verifyusermanagementloaded -->
                  <span class="method-name">verifyusermanagementloaded</span>
                  <div class="stack-trace">org.openqa.selenium.TimeoutException: Expected condition failed: waiting for visibility of Proxy element for: DefaultElementLocator &apos;By.xpath: //li[contains(@class,&apos;treeview active&apos;)]&apos; (tried for 15 second(s) with 500 milliseconds interval)
	at org.openqa.selenium.support.ui.WebDriverWait.timeoutException(WebDriverWait.java:95)
	at org.openqa.selenium.support.ui.FluentWait.until(FluentWait.java:272)
	at com.project.utiities.PageUtility.waitForElementTobeVisible(PageUtility.java:16)
	at com.project.pages.UserManagementPage.getUserManagementStatus(UserManagementPage.java:69)
	at com.project.testscripts.UserManagementTest.verifyusermanagementloaded(UserManagementTest.java:35)
	at java.util.ArrayList.forEach(Unknown Source)
Caused by: org.openqa.selenium.NoSuchElementException: Unable to locate element: //li[contains(@class,&apos;treeview active&apos;)]
For documentation on this error, please visit: https://www.seleniumhq.org/exceptions/no_such_element.html
Build info: version: &apos;3.141.59&apos;, revision: &apos;e82be7d358&apos;, time: &apos;2018-11-14T08:17:03&apos;
System info: host: &apos;DESKTOP-75SCK3T&apos;, ip: &apos;192.168.1.6&apos;, os.name: &apos;Windows 10&apos;, os.arch: &apos;amd64&apos;, os.version: &apos;10.0&apos;, java.version: &apos;1.8.0_251&apos;
Driver info: org.openqa.selenium.firefox.FirefoxDriver
Capabilities {acceptInsecureCerts: true, browserName: firefox, browserVersion: 89.0, javascriptEnabled: true, moz:accessibilityChecks: false, moz:buildID: 20210527174632, moz:geckodriverVersion: 0.29.1, moz:headless: false, moz:processID: 9296, moz:profile: C:\Users\TEMP.DESKTOP-75SCK..., moz:shutdownTimeout: 60000, moz:useNonSpecCompliantPointerOrigin: false, moz:webdriverClick: true, pageLoadStrategy: normal, platform: WINDOWS, platformName: WINDOWS, platformVersion: 10.0, setWindowRect: true, strictFileInteractability: false, timeouts: {implicit: 0, pageLoad: 300000, script: 30000}, unhandledPromptBehavior: dismiss and notify}
Session ID: 9c145dc7-2a95-4d64-b666-0acbedc6dcb8
*** Element info: {Using=xpath, value=//li[contains(@class,&apos;treeview active&apos;)]}
	at org.openqa.selenium.remote.http.W3CHttpResponseCodec.createException(W3CHttpResponseCodec.java:187)
	at org.openqa.selenium.remote.http.W3CHttpResponseCodec.decode(W3CHttpResponseCodec.java:122)
	at org.openqa.selenium.remote.http.W3CHttpResponseCodec.decode(W3CHttpResponseCodec.java:49)
	at org.openqa.selenium.remote.HttpCommandExecutor.execute(HttpCommandExecutor.java:158)
	at org.openqa.selenium.remote.service.DriverCommandExecutor.execute(DriverCommandExecutor.java:83)
	at org.openqa.selenium.remote.RemoteWebDriver.execute(RemoteWebDriver.java:552)
	at org.openqa.selenium.remote.RemoteWebDriver.findElement(RemoteWebDriver.java:323)
	at org.openqa.selenium.remote.RemoteWebDriver.findElementByXPath(RemoteWebDriver.java:428)
	at org.openqa.selenium.By$ByXPath.findElement(By.java:353)
	at org.openqa.selenium.remote.RemoteWebDriver.findElement(RemoteWebDriver.java:315)
	at org.openqa.selenium.support.pagefactory.DefaultElementLocator.findElement(DefaultElementLocator.java:69)
	at org.openqa.selenium.support.pagefactory.internal.LocatingElementHandler.invoke(LocatingElementHandler.java:38)
	at com.sun.proxy.$Proxy10.isDisplayed(Unknown Source)
	at org.openqa.selenium.support.ui.ExpectedConditions.elementIfVisible(ExpectedConditions.java:314)
	at org.openqa.selenium.support.ui.ExpectedConditions.access$000(ExpectedConditions.java:43)
	at org.openqa.selenium.support.ui.ExpectedConditions$10.apply(ExpectedConditions.java:300)
	at org.openqa.selenium.support.ui.ExpectedConditions$10.apply(ExpectedConditions.java:297)
	at org.openqa.selenium.support.ui.FluentWait.until(FluentWait.java:249)
	... 31 more
... Removed 30 stack frames
</div> <!-- stack-trace -->
                </div> <!-- method-content -->
              </div> <!-- method -->
            </div> <!-- main-panel-content rounded-window-bottom -->
          </div> <!-- suite-Suite-class-failed -->
          <div class="suite-Suite-class-failed">
            <div class="main-panel-header rounded-window-top">
              <img src="failed.png"/>
              <span class="class-name">com.project.testscripts.HomeTest</span>
            </div> <!-- main-panel-header rounded-window-top -->
            <div class="main-panel-content rounded-window-bottom">
              <div class="method">
                <div class="method-content">
                  <a name="verifyHomePageTitle">
                  </a> <!-- verifyHomePageTitle -->
                  <span class="method-name">verifyHomePageTitle</span>
                  <div class="stack-trace">java.lang.AssertionError: Title Mismatch!! expected [Home - Demo Company] but found [Home - Reobeen LLC]
	at com.project.testscripts.HomeTest.verifyHomePageTitle(HomeTest.java:29)
	at java.util.ArrayList.forEach(Unknown Source)
... Removed 32 stack frames
</div> <!-- stack-trace -->
                </div> <!-- method-content -->
              </div> <!-- method -->
            </div> <!-- main-panel-content rounded-window-bottom -->
          </div> <!-- suite-Suite-class-failed -->
          <div class="suite-Suite-class-failed">
            <div class="main-panel-header rounded-window-top">
              <img src="failed.png"/>
              <span class="class-name">com.project.testscripts.SalesCommissionAgentTest</span>
            </div> <!-- main-panel-header rounded-window-top -->
            <div class="main-panel-content rounded-window-bottom">
              <div class="method">
                <div class="method-content">
                  <a name="verifySalesCommissionAgentTitle">
                  </a> <!-- verifySalesCommissionAgentTitle -->
                  <span class="method-name">verifySalesCommissionAgentTitle</span>
                  <div class="stack-trace">java.lang.AssertionError: Title Mismatch expected [Sales Commission Agents - Demo Company] but found [Sales Commission Agents - Reobeen LLC]
	at com.project.testscripts.SalesCommissionAgentTest.verifySalesCommissionAgentTitle(SalesCommissionAgentTest.java:33)
	at java.util.ArrayList.forEach(Unknown Source)
... Removed 32 stack frames
</div> <!-- stack-trace -->
                </div> <!-- method-content -->
              </div> <!-- method -->
              <div class="method">
                <div class="method-content">
                  <a name="verifysearch">
                  </a> <!-- verifysearch -->
                  <span class="method-name">verifysearch</span>
                  <div class="stack-trace">java.lang.AssertionError: expected [agent123@gmail.com] but found [Mr agent 123]
	at com.project.testscripts.SalesCommissionAgentTest.verifysearch(SalesCommissionAgentTest.java:77)
	at java.util.ArrayList.forEach(Unknown Source)
... Removed 33 stack frames
</div> <!-- stack-trace -->
                </div> <!-- method-content -->
              </div> <!-- method -->
            </div> <!-- main-panel-content rounded-window-bottom -->
          </div> <!-- suite-Suite-class-failed -->
          <div class="suite-Suite-class-failed">
            <div class="main-panel-header rounded-window-top">
              <img src="failed.png"/>
              <span class="class-name">com.project.testscripts.UsersTest</span>
            </div> <!-- main-panel-header rounded-window-top -->
            <div class="main-panel-content rounded-window-bottom">
              <div class="method">
                <div class="method-content">
                  <a name="verifyTableRow">
                  </a> <!-- verifyTableRow -->
                  <span class="method-name">verifyTableRow</span>
                  <div class="stack-trace">org.openqa.selenium.NoSuchSessionException: Tried to run command without establishing a connection
Build info: version: &apos;3.141.59&apos;, revision: &apos;e82be7d358&apos;, time: &apos;2018-11-14T08:17:03&apos;
System info: host: &apos;DESKTOP-75SCK3T&apos;, ip: &apos;192.168.1.6&apos;, os.name: &apos;Windows 10&apos;, os.arch: &apos;amd64&apos;, os.version: &apos;10.0&apos;, java.version: &apos;1.8.0_251&apos;
Driver info: org.openqa.selenium.firefox.FirefoxDriver
Capabilities {acceptInsecureCerts: true, browserName: firefox, browserVersion: 89.0, javascriptEnabled: true, moz:accessibilityChecks: false, moz:buildID: 20210527174632, moz:geckodriverVersion: 0.29.1, moz:headless: false, moz:processID: 14172, moz:profile: C:\Users\TEMP.DESKTOP-75SCK..., moz:shutdownTimeout: 60000, moz:useNonSpecCompliantPointerOrigin: false, moz:webdriverClick: true, pageLoadStrategy: normal, platform: WINDOWS, platformName: WINDOWS, platformVersion: 10.0, setWindowRect: true, strictFileInteractability: false, timeouts: {implicit: 0, pageLoad: 300000, script: 30000}, unhandledPromptBehavior: dismiss and notify}
Session ID: cc02990f-96f1-4cbf-8b0a-1ecd491c4b83
*** Element info: {Using=xpath, value=//table[@id=&apos;users_table&apos;]//tbody//td}
	at org.openqa.selenium.remote.http.W3CHttpResponseCodec.createException(W3CHttpResponseCodec.java:187)
	at org.openqa.selenium.remote.http.W3CHttpResponseCodec.decode(W3CHttpResponseCodec.java:122)
	at org.openqa.selenium.remote.http.W3CHttpResponseCodec.decode(W3CHttpResponseCodec.java:49)
	at org.openqa.selenium.remote.HttpCommandExecutor.execute(HttpCommandExecutor.java:158)
	at org.openqa.selenium.remote.service.DriverCommandExecutor.execute(DriverCommandExecutor.java:83)
	at org.openqa.selenium.remote.RemoteWebDriver.execute(RemoteWebDriver.java:552)
	at org.openqa.selenium.remote.RemoteWebDriver.findElements(RemoteWebDriver.java:353)
	at org.openqa.selenium.remote.RemoteWebDriver.findElementsByXPath(RemoteWebDriver.java:432)
	at org.openqa.selenium.By$ByXPath.findElements(By.java:348)
	at org.openqa.selenium.support.pagefactory.ByChained.findElements(ByChained.java:69)
	at org.openqa.selenium.remote.RemoteWebDriver.findElements(RemoteWebDriver.java:311)
	at org.openqa.selenium.support.pagefactory.DefaultElementLocator.findElements(DefaultElementLocator.java:85)
	at org.openqa.selenium.support.pagefactory.internal.LocatingElementListHandler.invoke(LocatingElementListHandler.java:36)
	at com.sun.proxy.$Proxy12.size(Unknown Source)
	at com.project.pages.UsersPage.verifyTable(UsersPage.java:128)
	at com.project.testscripts.UsersTest.verifyTableRow(UsersTest.java:71)
	at java.util.ArrayList.forEach(Unknown Source)
... Removed 31 stack frames
</div> <!-- stack-trace -->
                </div> <!-- method-content -->
              </div> <!-- method -->
              <div class="method">
                <div class="method-content">
                  <a name="verifyViewUserPageTitle">
                  </a> <!-- verifyViewUserPageTitle -->
                  <span class="method-name">verifyViewUserPageTitle</span>
                  <div class="stack-trace">java.lang.AssertionError: Userview page title mismatch expected [View User - Demo Company] but found [View User - Reobeen LLC]
	at com.project.testscripts.UsersTest.verifyViewUserPageTitle(UsersTest.java:95)
	at java.util.ArrayList.forEach(Unknown Source)
... Removed 32 stack frames
</div> <!-- stack-trace -->
                </div> <!-- method-content -->
              </div> <!-- method -->
              <div class="method">
                <div class="method-content">
                  <a name="verifyusersTitle">
                  </a> <!-- verifyusersTitle -->
                  <span class="method-name">verifyusersTitle</span>
                  <div class="stack-trace">java.lang.AssertionError: Title Mismatch expected [Users - Demo Company] but found [Users - Reobeen LLC]
	at com.project.testscripts.UsersTest.verifyusersTitle(UsersTest.java:36)
	at java.util.ArrayList.forEach(Unknown Source)
... Removed 32 stack frames
</div> <!-- stack-trace -->
                </div> <!-- method-content -->
              </div> <!-- method -->
            </div> <!-- main-panel-content rounded-window-bottom -->
          </div> <!-- suite-Suite-class-failed -->
          <div class="suite-Suite-class-failed">
            <div class="main-panel-header rounded-window-top">
              <img src="failed.png"/>
              <span class="class-name">com.project.testscripts.LoginTest</span>
            </div> <!-- main-panel-header rounded-window-top -->
            <div class="main-panel-content rounded-window-bottom">
              <div class="method">
                <div class="method-content">
                  <a name="verifyValidLogin">
                  </a> <!-- verifyValidLogin -->
                  <span class="method-name">verifyValidLogin</span>
                  <div class="stack-trace">java.lang.NullPointerException
	at com.project.testscripts.LoginTest.verifyValidLogin(LoginTest.java:50)
	at java.util.ArrayList.forEach(Unknown Source)
... Removed 27 stack frames
</div> <!-- stack-trace -->
                </div> <!-- method-content -->
              </div> <!-- method -->
            </div> <!-- main-panel-content rounded-window-bottom -->
          </div> <!-- suite-Suite-class-failed -->
          <div class="suite-Suite-class-passed">
            <div class="main-panel-header rounded-window-top">
              <img src="passed.png"/>
              <span class="class-name">com.project.testscripts.UserManagementTest</span>
            </div> <!-- main-panel-header rounded-window-top -->
            <div class="main-panel-content rounded-window-bottom">
              <div class="method">
                <div class="method-content">
                  <a name="VerifyUserManagementTab">
                  </a> <!-- VerifyUserManagementTab -->
                  <span class="method-name">VerifyUserManagementTab</span>
                </div> <!-- method-content -->
              </div> <!-- method -->
              <div class="method">
                <div class="method-content">
                  <a name="verifyUsersTabloaded">
                  </a> <!-- verifyUsersTabloaded -->
                  <span class="method-name">verifyUsersTabloaded</span>
                </div> <!-- method-content -->
              </div> <!-- method -->
            </div> <!-- main-panel-content rounded-window-bottom -->
          </div> <!-- suite-Suite-class-passed -->
          <div class="suite-Suite-class-passed">
            <div class="main-panel-header rounded-window-top">
              <img src="passed.png"/>
              <span class="class-name">com.project.testscripts.HomeTest</span>
            </div> <!-- main-panel-header rounded-window-top -->
            <div class="main-panel-content rounded-window-bottom">
              <div class="method">
                <div class="method-content">
                  <a name="verifyHomepageloaded">
                  </a> <!-- verifyHomepageloaded -->
                  <span class="method-name">verifyHomepageloaded</span>
                </div> <!-- method-content -->
              </div> <!-- method -->
            </div> <!-- main-panel-content rounded-window-bottom -->
          </div> <!-- suite-Suite-class-passed -->
          <div class="suite-Suite-class-passed">
            <div class="main-panel-header rounded-window-top">
              <img src="passed.png"/>
              <span class="class-name">com.project.testscripts.SalesCommissionAgentTest</span>
            </div> <!-- main-panel-header rounded-window-top -->
            <div class="main-panel-content rounded-window-bottom">
              <div class="method">
                <div class="method-content">
                  <a name="addAgent">
                  </a> <!-- addAgent -->
                  <span class="method-name">addAgent</span>
                </div> <!-- method-content -->
              </div> <!-- method -->
            </div> <!-- main-panel-content rounded-window-bottom -->
          </div> <!-- suite-Suite-class-passed -->
          <div class="suite-Suite-class-passed">
            <div class="main-panel-header rounded-window-top">
              <img src="passed.png"/>
              <span class="class-name">com.project.testscripts.UsersTest</span>
            </div> <!-- main-panel-header rounded-window-top -->
            <div class="main-panel-content rounded-window-bottom">
              <div class="method">
                <div class="method-content">
                  <a name="AddList">
                  </a> <!-- AddList -->
                  <span class="method-name">AddList</span>
                </div> <!-- method-content -->
              </div> <!-- method -->
            </div> <!-- main-panel-content rounded-window-bottom -->
          </div> <!-- suite-Suite-class-passed -->
          <div class="suite-Suite-class-passed">
            <div class="main-panel-header rounded-window-top">
              <img src="passed.png"/>
              <span class="class-name">com.project.testscripts.LogoutTest</span>
            </div> <!-- main-panel-header rounded-window-top -->
            <div class="main-panel-content rounded-window-bottom">
              <div class="method">
                <div class="method-content">
                  <a name="verifySignout">
                  </a> <!-- verifySignout -->
                  <span class="method-name">verifySignout</span>
                </div> <!-- method-content -->
              </div> <!-- method -->
              <div class="method">
                <div class="method-content">
                  <a name="verifyprofile">
                  </a> <!-- verifyprofile -->
                  <span class="method-name">verifyprofile</span>
                </div> <!-- method-content -->
              </div> <!-- method -->
            </div> <!-- main-panel-content rounded-window-bottom -->
          </div> <!-- suite-Suite-class-passed -->
          <div class="suite-Suite-class-passed">
            <div class="main-panel-header rounded-window-top">
              <img src="passed.png"/>
              <span class="class-name">com.project.testscripts.LoginTest</span>
            </div> <!-- main-panel-header rounded-window-top -->
            <div class="main-panel-content rounded-window-bottom">
              <div class="method">
                <div class="method-content">
                  <a name="verifyLoginPageLoadedorNot">
                  </a> <!-- verifyLoginPageLoadedorNot -->
                  <span class="method-name">verifyLoginPageLoadedorNot</span>
                </div> <!-- method-content -->
              </div> <!-- method -->
              <div class="method">
                <div class="method-content">
                  <a name="verifyLoginPageTitle">
                  </a> <!-- verifyLoginPageTitle -->
                  <span class="method-name">verifyLoginPageTitle</span>
                </div> <!-- method-content -->
              </div> <!-- method -->
            </div> <!-- main-panel-content rounded-window-bottom -->
          </div> <!-- suite-Suite-class-passed -->
          <div class="suite-Suite-class-passed">
            <div class="main-panel-header rounded-window-top">
              <img src="passed.png"/>
              <span class="class-name">com.project.testscripts.ResetPasswordTest</span>
            </div> <!-- main-panel-header rounded-window-top -->
            <div class="main-panel-content rounded-window-bottom">
              <div class="method">
                <div class="method-content">
                  <a name="verifyForgotPasswordError">
                  </a> <!-- verifyForgotPasswordError -->
                  <span class="method-name">verifyForgotPasswordError</span>
                </div> <!-- method-content -->
              </div> <!-- method -->
              <div class="method">
                <div class="method-content">
                  <a name="verifyResetPageLoadedorNot">
                  </a> <!-- verifyResetPageLoadedorNot -->
                  <span class="method-name">verifyResetPageLoadedorNot</span>
                </div> <!-- method-content -->
              </div> <!-- method -->
            </div> <!-- main-panel-content rounded-window-bottom -->
          </div> <!-- suite-Suite-class-passed -->
        </div> <!-- panel Suite -->
        <div panel-name="test-xml-Suite" class="panel">
          <div class="main-panel-header rounded-window-top">
            <span class="header-content">C:\Users\TEMP.DESKTOP-75SCK3T.003\eclipse-workspace\POMProject\testng.xml</span>
          </div> <!-- main-panel-header rounded-window-top -->
          <div class="main-panel-content rounded-window-bottom">
            <pre>
&lt;?xml version=&quot;1.0&quot; encoding=&quot;UTF-8&quot;?&gt;
&lt;!DOCTYPE suite SYSTEM &quot;https://testng.org/testng-1.0.dtd&quot;&gt;
&lt;suite guice-stage=&quot;DEVELOPMENT&quot; name=&quot;Suite&quot;&gt;
  &lt;test thread-count=&quot;5&quot; name=&quot;Test&quot;&gt;
    &lt;parameter name=&quot;browser&quot; value=&quot;firefox&quot;/&gt;
    &lt;parameter name=&quot;url&quot; value=&quot;https://buffalocart.com/demo/billing/public/login&quot;/&gt;
    &lt;classes&gt;
      &lt;class name=&quot;com.project.core.Base&quot;/&gt;
      &lt;class name=&quot;com.project.testscripts.LoginTest&quot;/&gt;
      &lt;class name=&quot;com.project.testscripts.LogoutTest&quot;/&gt;
      &lt;class name=&quot;com.project.testscripts.HomeTest&quot;/&gt;
      &lt;class name=&quot;com.project.testscripts.ResetPasswordTest&quot;/&gt;
      &lt;class name=&quot;com.project.testscripts.UserManagementTest&quot;/&gt;
      &lt;class name=&quot;com.project.testscripts.UsersTest&quot;/&gt;
      &lt;class name=&quot;com.project.testscripts.SalesCommissionAgentTest&quot;/&gt;
    &lt;/classes&gt;
  &lt;/test&gt; &lt;!-- Test --&gt;
&lt;/suite&gt; &lt;!-- Suite --&gt;
            </pre>
          </div> <!-- main-panel-content rounded-window-bottom -->
        </div> <!-- panel -->
        <div panel-name="testlist-Suite" class="panel">
          <div class="main-panel-header rounded-window-top">
            <span class="header-content">Tests for Suite</span>
          </div> <!-- main-panel-header rounded-window-top -->
          <div class="main-panel-content rounded-window-bottom">
            <ul>
              <li>
                <span class="test-name">Test (8 classes)</span>
              </li>
            </ul>
          </div> <!-- main-panel-content rounded-window-bottom -->
        </div> <!-- panel -->
        <div panel-name="group-Suite" class="panel">
          <div class="main-panel-header rounded-window-top">
            <span class="header-content">Groups for Suite</span>
          </div> <!-- main-panel-header rounded-window-top -->
          <div class="main-panel-content rounded-window-bottom">
          </div> <!-- main-panel-content rounded-window-bottom -->
        </div> <!-- panel -->
        <div panel-name="times-Suite" class="panel">
          <div class="main-panel-header rounded-window-top">
            <span class="header-content">Times for Suite</span>
          </div> <!-- main-panel-header rounded-window-top -->
          <div class="main-panel-content rounded-window-bottom">
            <div class="times-div">
              <script type="text/javascript">
suiteTableInitFunctions.push('tableData_Suite');
function tableData_Suite() {
var data = new google.visualization.DataTable();
data.addColumn('number', 'Number');
data.addColumn('string', 'Method');
data.addColumn('string', 'Class');
data.addColumn('number', 'Time (ms)');
data.addRows(19);
data.setCell(0, 0, 0)
data.setCell(0, 1, 'verifyusermanagementloaded')
data.setCell(0, 2, 'com.project.testscripts.UserManagementTest')
data.setCell(0, 3, 28184);
data.setCell(1, 0, 1)
data.setCell(1, 1, 'verifysearch')
data.setCell(1, 2, 'com.project.testscripts.SalesCommissionAgentTest')
data.setCell(1, 3, 27175);
data.setCell(2, 0, 2)
data.setCell(2, 1, 'addAgent')
data.setCell(2, 2, 'com.project.testscripts.SalesCommissionAgentTest')
data.setCell(2, 3, 23747);
data.setCell(3, 0, 3)
data.setCell(3, 1, 'VerifyUserManagementTab')
data.setCell(3, 2, 'com.project.testscripts.UserManagementTest')
data.setCell(3, 3, 19808);
data.setCell(4, 0, 4)
data.setCell(4, 1, 'AddList')
data.setCell(4, 2, 'com.project.testscripts.UsersTest')
data.setCell(4, 3, 19213);
data.setCell(5, 0, 5)
data.setCell(5, 1, 'verifyViewUserPageTitle')
data.setCell(5, 2, 'com.project.testscripts.UsersTest')
data.setCell(5, 3, 18483);
data.setCell(6, 0, 6)
data.setCell(6, 1, 'verifyUsersTabloaded')
data.setCell(6, 2, 'com.project.testscripts.UserManagementTest')
data.setCell(6, 3, 16854);
data.setCell(7, 0, 7)
data.setCell(7, 1, 'verifySalesCommissionAgentTitle')
data.setCell(7, 2, 'com.project.testscripts.SalesCommissionAgentTest')
data.setCell(7, 3, 16753);
data.setCell(8, 0, 8)
data.setCell(8, 1, 'verifyusersTitle')
data.setCell(8, 2, 'com.project.testscripts.UsersTest')
data.setCell(8, 3, 15993);
data.setCell(9, 0, 9)
data.setCell(9, 1, 'verifyTableRow')
data.setCell(9, 2, 'com.project.testscripts.UsersTest')
data.setCell(9, 3, 15759);
data.setCell(10, 0, 10)
data.setCell(10, 1, 'verifyValidLogin')
data.setCell(10, 2, 'com.project.testscripts.LoginTest')
data.setCell(10, 3, 11822);
data.setCell(11, 0, 11)
data.setCell(11, 1, 'verifySignout')
data.setCell(11, 2, 'com.project.testscripts.LogoutTest')
data.setCell(11, 3, 9780);
data.setCell(12, 0, 12)
data.setCell(12, 1, 'verifyprofile')
data.setCell(12, 2, 'com.project.testscripts.LogoutTest')
data.setCell(12, 3, 7769);
data.setCell(13, 0, 13)
data.setCell(13, 1, 'verifyHomePageTitle')
data.setCell(13, 2, 'com.project.testscripts.HomeTest')
data.setCell(13, 3, 7489);
data.setCell(14, 0, 14)
data.setCell(14, 1, 'verifyHomepageloaded')
data.setCell(14, 2, 'com.project.testscripts.HomeTest')
data.setCell(14, 3, 7395);
data.setCell(15, 0, 15)
data.setCell(15, 1, 'verifyForgotPasswordError')
data.setCell(15, 2, 'com.project.testscripts.ResetPasswordTest')
data.setCell(15, 3, 3985);
data.setCell(16, 0, 16)
data.setCell(16, 1, 'verifyResetPageLoadedorNot')
data.setCell(16, 2, 'com.project.testscripts.ResetPasswordTest')
data.setCell(16, 3, 1765);
data.setCell(17, 0, 17)
data.setCell(17, 1, 'verifyLoginPageLoadedorNot')
data.setCell(17, 2, 'com.project.testscripts.LoginTest')
data.setCell(17, 3, 329);
data.setCell(18, 0, 18)
data.setCell(18, 1, 'verifyLoginPageTitle')
data.setCell(18, 2, 'com.project.testscripts.LoginTest')
data.setCell(18, 3, 17);
window.suiteTableData['Suite']= { tableData: data, tableDiv: 'times-div-Suite'}
return data;
}
              </script>
              <span class="suite-total-time">Total running time: 4 minutes</span>
              <div id="times-div-Suite">
              </div> <!-- times-div-Suite -->
            </div> <!-- times-div -->
          </div> <!-- main-panel-content rounded-window-bottom -->
        </div> <!-- panel -->
        <div panel-name="reporter-Suite" class="panel">
          <div class="main-panel-header rounded-window-top">
            <span class="header-content">Reporter output for Suite</span>
          </div> <!-- main-panel-header rounded-window-top -->
          <div class="main-panel-content rounded-window-bottom">
          </div> <!-- main-panel-content rounded-window-bottom -->
        </div> <!-- panel -->
        <div panel-name="ignored-methods-Suite" class="panel">
          <div class="main-panel-header rounded-window-top">
            <span class="header-content">0 ignored methods</span>
          </div> <!-- main-panel-header rounded-window-top -->
          <div class="main-panel-content rounded-window-bottom">
          </div> <!-- main-panel-content rounded-window-bottom -->
        </div> <!-- panel -->
        <div panel-name="chronological-Suite" class="panel">
          <div class="main-panel-header rounded-window-top">
            <span class="header-content">Methods in chronological order</span>
          </div> <!-- main-panel-header rounded-window-top -->
          <div class="main-panel-content rounded-window-bottom">
            <div class="chronological-class">
              <div class="chronological-class-name">com.project.testscripts.LoginTest</div> <!-- chronological-class-name -->
              <div class="configuration-method before">
                <span class="method-name">setUp(https://buffalocart.com/demo/billing/public/login, firefox)</span>
                <span class="method-start">0 ms</span>
              </div> <!-- configuration-method before -->
              <div class="test-method">
                <span class="method-name">verifyLoginPageLoadedorNot</span>
                <span class="method-start">15655 ms</span>
              </div> <!-- test-method -->
              <div class="configuration-method after">
                <span class="method-name">tearDown([TestResult name=verifyLoginPageLoadedorNot status=SUCCESS method=LoginTest.verifyLoginPageLoadedorN...)</span>
                <span class="method-start">15989 ms</span>
              </div> <!-- configuration-method after -->
              <div class="configuration-method before">
                <span class="method-name">setUp(https://buffalocart.com/demo/billing/public/login, firefox)</span>
                <span class="method-start">19480 ms</span>
              </div> <!-- configuration-method before -->
              <div class="test-method">
                <span class="method-name">verifyLoginPageTitle</span>
                <span class="method-start">35322 ms</span>
              </div> <!-- test-method -->
              <div class="configuration-method after">
                <span class="method-name">tearDown([TestResult name=verifyLoginPageTitle status=SUCCESS method=LoginTest.verifyLoginPageTitle()[pri:0, ...)</span>
                <span class="method-start">35341 ms</span>
              </div> <!-- configuration-method after -->
              <div class="configuration-method before">
                <span class="method-name">setUp(https://buffalocart.com/demo/billing/public/login, firefox)</span>
                <span class="method-start">37419 ms</span>
              </div> <!-- configuration-method before -->
              <div class="test-method">
                <img src="failed.png">
                </img>
                <span class="method-name">verifyValidLogin</span>
                <span class="method-start">50763 ms</span>
              </div> <!-- test-method -->
              <div class="configuration-method after">
                <span class="method-name">tearDown([TestResult name=verifyValidLogin status=FAILURE method=LoginTest.verifyValidLogin()[pri:0, instance...)</span>
                <span class="method-start">62599 ms</span>
              </div> <!-- configuration-method after -->
            </div> <!-- chronological-class -->
            <div class="chronological-class">
              <div class="chronological-class-name">com.project.testscripts.LogoutTest</div> <!-- chronological-class-name -->
              <div class="configuration-method before">
                <span class="method-name">setUp(https://buffalocart.com/demo/billing/public/login, firefox)</span>
                <span class="method-start">65241 ms</span>
              </div> <!-- configuration-method before -->
              <div class="test-method">
                <span class="method-name">verifySignout</span>
                <span class="method-start">78538 ms</span>
              </div> <!-- test-method -->
              <div class="configuration-method after">
                <span class="method-name">tearDown([TestResult name=verifySignout status=SUCCESS method=LogoutTest.verifySignout()[pri:0, instance:com....)</span>
                <span class="method-start">88320 ms</span>
              </div> <!-- configuration-method after -->
              <div class="configuration-method before">
                <span class="method-name">setUp(https://buffalocart.com/demo/billing/public/login, firefox)</span>
                <span class="method-start">91924 ms</span>
              </div> <!-- configuration-method before -->
              <div class="test-method">
                <span class="method-name">verifyprofile</span>
                <span class="method-start">104558 ms</span>
              </div> <!-- test-method -->
              <div class="configuration-method after">
                <span class="method-name">tearDown([TestResult name=verifyprofile status=SUCCESS method=LogoutTest.verifyprofile()[pri:0, instance:com....)</span>
                <span class="method-start">112331 ms</span>
              </div> <!-- configuration-method after -->
            </div> <!-- chronological-class -->
            <div class="chronological-class">
              <div class="chronological-class-name">com.project.testscripts.HomeTest</div> <!-- chronological-class-name -->
              <div class="configuration-method before">
                <span class="method-name">setUp(https://buffalocart.com/demo/billing/public/login, firefox)</span>
                <span class="method-start">114974 ms</span>
              </div> <!-- configuration-method before -->
              <div class="test-method">
                <img src="failed.png">
                </img>
                <span class="method-name">verifyHomePageTitle</span>
                <span class="method-start">129236 ms</span>
              </div> <!-- test-method -->
              <div class="configuration-method after">
                <span class="method-name">tearDown([TestResult name=verifyHomePageTitle status=FAILURE method=HomeTest.verifyHomePageTitle()[pri:0, ins...)</span>
                <span class="method-start">136732 ms</span>
              </div> <!-- configuration-method after -->
              <div class="configuration-method before">
                <span class="method-name">setUp(https://buffalocart.com/demo/billing/public/login, firefox)</span>
                <span class="method-start">140507 ms</span>
              </div> <!-- configuration-method before -->
              <div class="test-method">
                <span class="method-name">verifyHomepageloaded</span>
                <span class="method-start">156846 ms</span>
              </div> <!-- test-method -->
              <div class="configuration-method after">
                <span class="method-name">tearDown([TestResult name=verifyHomepageloaded status=SUCCESS method=HomeTest.verifyHomepageloaded()[pri:0, i...)</span>
                <span class="method-start">164243 ms</span>
              </div> <!-- configuration-method after -->
            </div> <!-- chronological-class -->
            <div class="chronological-class">
              <div class="chronological-class-name">com.project.testscripts.ResetPasswordTest</div> <!-- chronological-class-name -->
              <div class="configuration-method before">
                <span class="method-name">setUp(https://buffalocart.com/demo/billing/public/login, firefox)</span>
                <span class="method-start">166944 ms</span>
              </div> <!-- configuration-method before -->
              <div class="test-method">
                <span class="method-name">verifyForgotPasswordError</span>
                <span class="method-start">181763 ms</span>
              </div> <!-- test-method -->
              <div class="configuration-method after">
                <span class="method-name">tearDown([TestResult name=verifyForgotPasswordError status=SUCCESS method=ResetPasswordTest.verifyForgotPassw...)</span>
                <span class="method-start">185750 ms</span>
              </div> <!-- configuration-method after -->
              <div class="configuration-method before">
                <span class="method-name">setUp(https://buffalocart.com/demo/billing/public/login, firefox)</span>
                <span class="method-start">188588 ms</span>
              </div> <!-- configuration-method before -->
              <div class="test-method">
                <span class="method-name">verifyResetPageLoadedorNot</span>
                <span class="method-start">203253 ms</span>
              </div> <!-- test-method -->
              <div class="configuration-method after">
                <span class="method-name">tearDown([TestResult name=verifyResetPageLoadedorNot status=SUCCESS method=ResetPasswordTest.verifyResetPageL...)</span>
                <span class="method-start">205019 ms</span>
              </div> <!-- configuration-method after -->
            </div> <!-- chronological-class -->
            <div class="chronological-class">
              <div class="chronological-class-name">com.project.testscripts.UserManagementTest</div> <!-- chronological-class-name -->
              <div class="configuration-method before">
                <span class="method-name">setUp(https://buffalocart.com/demo/billing/public/login, firefox)</span>
                <span class="method-start">209806 ms</span>
              </div> <!-- configuration-method before -->
              <div class="test-method">
                <span class="method-name">VerifyUserManagementTab</span>
                <span class="method-start">225076 ms</span>
              </div> <!-- test-method -->
              <div class="configuration-method after">
                <span class="method-name">tearDown([TestResult name=VerifyUserManagementTab status=SUCCESS method=UserManagementTest.VerifyUserManageme...)</span>
                <span class="method-start">244888 ms</span>
              </div> <!-- configuration-method after -->
              <div class="configuration-method before">
                <span class="method-name">setUp(https://buffalocart.com/demo/billing/public/login, firefox)</span>
                <span class="method-start">247259 ms</span>
              </div> <!-- configuration-method before -->
              <div class="test-method">
                <span class="method-name">verifyUsersTabloaded</span>
                <span class="method-start">259385 ms</span>
              </div> <!-- test-method -->
              <div class="configuration-method after">
                <span class="method-name">tearDown([TestResult name=verifyUsersTabloaded status=SUCCESS method=UserManagementTest.verifyUsersTabloaded(...)</span>
                <span class="method-start">276240 ms</span>
              </div> <!-- configuration-method after -->
              <div class="configuration-method before">
                <span class="method-name">setUp(https://buffalocart.com/demo/billing/public/login, firefox)</span>
                <span class="method-start">279523 ms</span>
              </div> <!-- configuration-method before -->
              <div class="test-method">
                <img src="failed.png">
                </img>
                <span class="method-name">verifyusermanagementloaded</span>
                <span class="method-start">292070 ms</span>
              </div> <!-- test-method -->
              <div class="configuration-method after">
                <span class="method-name">tearDown([TestResult name=verifyusermanagementloaded status=FAILURE method=UserManagementTest.verifyusermanag...)</span>
                <span class="method-start">320262 ms</span>
              </div> <!-- configuration-method after -->
            </div> <!-- chronological-class -->
            <div class="chronological-class">
              <div class="chronological-class-name">com.project.testscripts.UsersTest</div> <!-- chronological-class-name -->
              <div class="configuration-method before">
                <span class="method-name">setUp(https://buffalocart.com/demo/billing/public/login, firefox)</span>
                <span class="method-start">322316 ms</span>
              </div> <!-- configuration-method before -->
              <div class="test-method">
                <span class="method-name">AddList</span>
                <span class="method-start">339885 ms</span>
              </div> <!-- test-method -->
              <div class="configuration-method after">
                <span class="method-name">tearDown([TestResult name=AddList status=SUCCESS method=UsersTest.AddList()[pri:0, instance:com.project.tests...)</span>
                <span class="method-start">359100 ms</span>
              </div> <!-- configuration-method after -->
              <div class="configuration-method before">
                <span class="method-name">setUp(https://buffalocart.com/demo/billing/public/login, firefox)</span>
                <span class="method-start">362614 ms</span>
              </div> <!-- configuration-method before -->
              <div class="test-method">
                <img src="failed.png">
                </img>
                <span class="method-name">verifyTableRow</span>
                <span class="method-start">376827 ms</span>
              </div> <!-- test-method -->
              <div class="configuration-method after">
                <span class="method-name">tearDown([TestResult name=verifyTableRow status=FAILURE method=UsersTest.verifyTableRow()[pri:0, instance:com...)</span>
                <span class="method-start">392588 ms</span>
              </div> <!-- configuration-method after -->
              <div class="configuration-method before">
                <span class="method-name">setUp(https://buffalocart.com/demo/billing/public/login, firefox)</span>
                <span class="method-start">396098 ms</span>
              </div> <!-- configuration-method before -->
              <div class="test-method">
                <img src="failed.png">
                </img>
                <span class="method-name">verifyViewUserPageTitle</span>
                <span class="method-start">409220 ms</span>
              </div> <!-- test-method -->
              <div class="configuration-method after">
                <span class="method-name">tearDown([TestResult name=verifyViewUserPageTitle status=FAILURE method=UsersTest.verifyViewUserPageTitle()[p...)</span>
                <span class="method-start">427705 ms</span>
              </div> <!-- configuration-method after -->
              <div class="configuration-method before">
                <span class="method-name">setUp(https://buffalocart.com/demo/billing/public/login, firefox)</span>
                <span class="method-start">432036 ms</span>
              </div> <!-- configuration-method before -->
              <div class="test-method">
                <img src="failed.png">
                </img>
                <span class="method-name">verifyusersTitle</span>
                <span class="method-start">444776 ms</span>
              </div> <!-- test-method -->
              <div class="configuration-method after">
                <span class="method-name">tearDown([TestResult name=verifyusersTitle status=FAILURE method=UsersTest.verifyusersTitle()[pri:0, instance...)</span>
                <span class="method-start">460771 ms</span>
              </div> <!-- configuration-method after -->
            </div> <!-- chronological-class -->
            <div class="chronological-class">
              <div class="chronological-class-name">com.project.testscripts.SalesCommissionAgentTest</div> <!-- chronological-class-name -->
              <div class="configuration-method before">
                <span class="method-name">setUp(https://buffalocart.com/demo/billing/public/login, firefox)</span>
                <span class="method-start">464171 ms</span>
              </div> <!-- configuration-method before -->
              <div class="test-method">
                <span class="method-name">addAgent</span>
                <span class="method-start">476857 ms</span>
              </div> <!-- test-method -->
              <div class="configuration-method after">
                <span class="method-name">tearDown([TestResult name=addAgent status=SUCCESS method=SalesCommissionAgentTest.addAgent()[pri:0, instance:...)</span>
                <span class="method-start">500607 ms</span>
              </div> <!-- configuration-method after -->
              <div class="configuration-method before">
                <span class="method-name">setUp(https://buffalocart.com/demo/billing/public/login, firefox)</span>
                <span class="method-start">503936 ms</span>
              </div> <!-- configuration-method before -->
              <div class="test-method">
                <img src="failed.png">
                </img>
                <span class="method-name">verifySalesCommissionAgentTitle</span>
                <span class="method-start">517991 ms</span>
              </div> <!-- test-method -->
              <div class="configuration-method after">
                <span class="method-name">tearDown([TestResult name=verifySalesCommissionAgentTitle status=FAILURE method=SalesCommissionAgentTest.veri...)</span>
                <span class="method-start">534745 ms</span>
              </div> <!-- configuration-method after -->
              <div class="configuration-method before">
                <span class="method-name">setUp(https://buffalocart.com/demo/billing/public/login, firefox)</span>
                <span class="method-start">538243 ms</span>
              </div> <!-- configuration-method before -->
              <div class="test-method">
                <img src="failed.png">
                </img>
                <span class="method-name">verifysearch</span>
                <span class="method-start">551356 ms</span>
              </div> <!-- test-method -->
              <div class="configuration-method after">
                <span class="method-name">tearDown([TestResult name=verifysearch status=FAILURE method=SalesCommissionAgentTest.verifysearch()[pri:0, i...)</span>
                <span class="method-start">578535 ms</span>
              </div> <!-- configuration-method after -->
          </div> <!-- main-panel-content rounded-window-bottom -->
        </div> <!-- panel -->
      </div> <!-- main-panel-root -->
    </div> <!-- wrapper -->
  </body>
<script type="text/javascript" src="testng-reports2.js"></script>
</html>
